{"/mnt/disk_a/Users/Fess/Google Диск/project/обучение/Jest/01_intro/intro.js": {"path":"/mnt/disk_a/Users/Fess/Google Диск/project/обучение/Jest/01_intro/intro.js","statementMap":{"0":{"start":{"line":1,"column":12},"end":{"line":1,"column":27}},"1":{"start":{"line":1,"column":22},"end":{"line":1,"column":27}},"2":{"start":{"line":2,"column":19},"end":{"line":2,"column":29}},"3":{"start":{"line":2,"column":25},"end":{"line":2,"column":29}},"4":{"start":{"line":4,"column":15},"end":{"line":15,"column":1}},"5":{"start":{"line":5,"column":2},"end":{"line":14,"column":4}},"6":{"start":{"line":7,"column":8},"end":{"line":11,"column":9}},"7":{"start":{"line":8,"column":12},"end":{"line":8,"column":44}},"8":{"start":{"line":10,"column":12},"end":{"line":10,"column":47}},"9":{"start":{"line":17,"column":0},"end":{"line":17,"column":29}},"10":{"start":{"line":19,"column":0},"end":{"line":19,"column":34}}},"fnMap":{"0":{"name":"(anonymous_0)","decl":{"start":{"line":1,"column":12},"end":{"line":1,"column":13}},"loc":{"start":{"line":1,"column":22},"end":{"line":1,"column":27}},"line":1},"1":{"name":"(anonymous_1)","decl":{"start":{"line":2,"column":19},"end":{"line":2,"column":20}},"loc":{"start":{"line":2,"column":25},"end":{"line":2,"column":29}},"line":2},"2":{"name":"(anonymous_2)","decl":{"start":{"line":4,"column":15},"end":{"line":4,"column":16}},"loc":{"start":{"line":4,"column":26},"end":{"line":15,"column":1}},"line":4},"3":{"name":"(anonymous_3)","decl":{"start":{"line":6,"column":10},"end":{"line":6,"column":11}},"loc":{"start":{"line":6,"column":17},"end":{"line":13,"column":5}},"line":6}},"branchMap":{"0":{"loc":{"start":{"line":7,"column":8},"end":{"line":11,"column":9}},"type":"if","locations":[{"start":{"line":7,"column":8},"end":{"line":11,"column":9}},{"start":{"line":9,"column":15},"end":{"line":11,"column":9}}],"line":7}},"s":{"0":1,"1":8,"2":1,"3":6,"4":1,"5":1,"6":1,"7":1,"8":0,"9":1,"10":1},"f":{"0":8,"1":6,"2":1,"3":1},"b":{"0":[1,0]},"_coverageSchema":"1a1c01bbd47fc00a2c39e90264f33305004495a9","hash":"98747056b8d83c0b5fbbe0ca40d3c3bee8d00169"}
,"/mnt/disk_a/Users/Fess/Google Диск/project/обучение/Jest/02_sync/sync.js": {"path":"/mnt/disk_a/Users/Fess/Google Диск/project/обучение/Jest/02_sync/sync.js","statementMap":{"0":{"start":{"line":3,"column":8},"end":{"line":3,"column":49}},"1":{"start":{"line":3,"column":35},"end":{"line":3,"column":47}},"2":{"start":{"line":8,"column":8},"end":{"line":16,"column":14}},"3":{"start":{"line":10,"column":24},"end":{"line":10,"column":70}},"4":{"start":{"line":11,"column":12},"end":{"line":13,"column":13}},"5":{"start":{"line":12,"column":16},"end":{"line":12,"column":29}},"6":{"start":{"line":14,"column":12},"end":{"line":14,"column":29}},"7":{"start":{"line":15,"column":12},"end":{"line":15,"column":23}},"8":{"start":{"line":20,"column":12},"end":{"line":20,"column":22}},"9":{"start":{"line":25,"column":0},"end":{"line":25,"column":23}}},"fnMap":{"0":{"name":"(anonymous_0)","decl":{"start":{"line":2,"column":4},"end":{"line":2,"column":5}},"loc":{"start":{"line":2,"column":19},"end":{"line":5,"column":5}},"line":2},"1":{"name":"(anonymous_1)","decl":{"start":{"line":3,"column":28},"end":{"line":3,"column":29}},"loc":{"start":{"line":3,"column":35},"end":{"line":3,"column":47}},"line":3},"2":{"name":"(anonymous_2)","decl":{"start":{"line":7,"column":4},"end":{"line":7,"column":5}},"loc":{"start":{"line":7,"column":25},"end":{"line":17,"column":5}},"line":7},"3":{"name":"(anonymous_3)","decl":{"start":{"line":8,"column":28},"end":{"line":8,"column":29}},"loc":{"start":{"line":8,"column":40},"end":{"line":16,"column":9}},"line":8}},"branchMap":{"0":{"loc":{"start":{"line":10,"column":24},"end":{"line":10,"column":70}},"type":"cond-expr","locations":[{"start":{"line":10,"column":53},"end":{"line":10,"column":60}},{"start":{"line":10,"column":63},"end":{"line":10,"column":70}}],"line":10},"1":{"loc":{"start":{"line":11,"column":12},"end":{"line":13,"column":13}},"type":"if","locations":[{"start":{"line":11,"column":12},"end":{"line":13,"column":13}},{"start":{},"end":{}}],"line":11}},"s":{"0":5,"1":30,"2":3,"3":7,"4":7,"5":5,"6":7,"7":7,"8":1,"9":1},"f":{"0":5,"1":30,"2":3,"3":7},"b":{"0":[4,3],"1":[5,2]},"_coverageSchema":"1a1c01bbd47fc00a2c39e90264f33305004495a9","hash":"81803f21b54bc573d04572a56e45c3f5e97648a3"}
,"/mnt/disk_a/Users/Fess/Google Диск/project/обучение/Jest/03_async/async.js": {"path":"/mnt/disk_a/Users/Fess/Google Диск/project/обучение/Jest/03_async/async.js","statementMap":{"0":{"start":{"line":1,"column":14},"end":{"line":1,"column":30}},"1":{"start":{"line":5,"column":8},"end":{"line":14,"column":10}},"2":{"start":{"line":6,"column":12},"end":{"line":13,"column":20}},"3":{"start":{"line":7,"column":16},"end":{"line":11,"column":17}},"4":{"start":{"line":8,"column":20},"end":{"line":8,"column":33}},"5":{"start":{"line":10,"column":20},"end":{"line":10,"column":47}},"6":{"start":{"line":18,"column":8},"end":{"line":23,"column":9}},"7":{"start":{"line":19,"column":29},"end":{"line":19,"column":90}},"8":{"start":{"line":20,"column":12},"end":{"line":20,"column":32}},"9":{"start":{"line":22,"column":12},"end":{"line":22,"column":28}},"10":{"start":{"line":29,"column":0},"end":{"line":29,"column":22}}},"fnMap":{"0":{"name":"(anonymous_0)","decl":{"start":{"line":4,"column":4},"end":{"line":4,"column":5}},"loc":{"start":{"line":4,"column":22},"end":{"line":15,"column":5}},"line":4},"1":{"name":"(anonymous_1)","decl":{"start":{"line":5,"column":27},"end":{"line":5,"column":28}},"loc":{"start":{"line":5,"column":48},"end":{"line":14,"column":9}},"line":5},"2":{"name":"(anonymous_2)","decl":{"start":{"line":6,"column":23},"end":{"line":6,"column":24}},"loc":{"start":{"line":6,"column":29},"end":{"line":13,"column":13}},"line":6},"3":{"name":"(anonymous_3)","decl":{"start":{"line":17,"column":4},"end":{"line":17,"column":5}},"loc":{"start":{"line":17,"column":23},"end":{"line":26,"column":5}},"line":17}},"branchMap":{"0":{"loc":{"start":{"line":7,"column":16},"end":{"line":11,"column":17}},"type":"if","locations":[{"start":{"line":7,"column":16},"end":{"line":11,"column":17}},{"start":{"line":9,"column":23},"end":{"line":11,"column":17}}],"line":7}},"s":{"0":1,"1":4,"2":4,"3":4,"4":2,"5":2,"6":0,"7":0,"8":0,"9":0,"10":1},"f":{"0":4,"1":4,"2":4,"3":0},"b":{"0":[2,2]},"_coverageSchema":"1a1c01bbd47fc00a2c39e90264f33305004495a9","hash":"3883bd935e1c8997a933a4651a0f6fb58b25d6c1"}
,"/mnt/disk_a/Users/Fess/Google Диск/project/обучение/Jest/04_mock/mock.js": {"path":"/mnt/disk_a/Users/Fess/Google Диск/project/обучение/Jest/04_mock/mock.js","statementMap":{"0":{"start":{"line":2,"column":19},"end":{"line":2,"column":21}},"1":{"start":{"line":3,"column":4},"end":{"line":5,"column":5}},"2":{"start":{"line":3,"column":17},"end":{"line":3,"column":18}},"3":{"start":{"line":4,"column":8},"end":{"line":4,"column":40}},"4":{"start":{"line":6,"column":4},"end":{"line":6,"column":18}},"5":{"start":{"line":9,"column":0},"end":{"line":9,"column":22}}},"fnMap":{"0":{"name":"map","decl":{"start":{"line":1,"column":9},"end":{"line":1,"column":12}},"loc":{"start":{"line":1,"column":30},"end":{"line":7,"column":1}},"line":1}},"branchMap":{},"s":{"0":4,"1":4,"2":4,"3":16,"4":4,"5":1},"f":{"0":4},"b":{},"_coverageSchema":"1a1c01bbd47fc00a2c39e90264f33305004495a9","hash":"c2fb787251da4f589a1c2ecf9da22e837fb6bf8f"}
}
