TN:
SF:01_intro/intro.js
FN:1,(anonymous_0)
FN:2,(anonymous_1)
FN:4,(anonymous_2)
FN:6,(anonymous_3)
FNF:4
FNH:4
FNDA:8,(anonymous_0)
FNDA:6,(anonymous_1)
FNDA:1,(anonymous_2)
FNDA:1,(anonymous_3)
DA:1,8
DA:2,6
DA:4,1
DA:5,1
DA:7,1
DA:8,1
DA:10,0
DA:17,1
DA:19,1
LF:9
LH:8
BRDA:7,0,0,1
BRDA:7,0,1,0
BRF:2
BRH:1
end_of_record
TN:
SF:02_sync/sync.js
FN:2,(anonymous_0)
FN:3,(anonymous_1)
FN:7,(anonymous_2)
FN:8,(anonymous_3)
FNF:4
FNH:4
FNDA:5,(anonymous_0)
FNDA:30,(anonymous_1)
FNDA:3,(anonymous_2)
FNDA:7,(anonymous_3)
DA:3,30
DA:8,3
DA:10,7
DA:11,7
DA:12,5
DA:14,7
DA:15,7
DA:20,1
DA:25,1
LF:9
LH:9
BRDA:10,0,0,4
BRDA:10,0,1,3
BRDA:11,1,0,5
BRDA:11,1,1,2
BRF:4
BRH:4
end_of_record
TN:
SF:03_async/async.js
FN:4,(anonymous_0)
FN:5,(anonymous_1)
FN:6,(anonymous_2)
FN:17,(anonymous_3)
FNF:4
FNH:3
FNDA:4,(anonymous_0)
FNDA:4,(anonymous_1)
FNDA:4,(anonymous_2)
FNDA:0,(anonymous_3)
DA:1,1
DA:5,4
DA:6,4
DA:7,4
DA:8,2
DA:10,2
DA:18,0
DA:19,0
DA:20,0
DA:22,0
DA:29,1
LF:11
LH:7
BRDA:7,0,0,2
BRDA:7,0,1,2
BRF:2
BRH:2
end_of_record
TN:
SF:04_mock/mock.js
FN:1,map
FNF:1
FNH:1
FNDA:4,map
DA:2,4
DA:3,4
DA:4,16
DA:6,4
DA:9,1
LF:5
LH:5
BRF:0
BRH:0
end_of_record
